# project minaton.lv2 (0.2.0) configured on Sun Jun 28 11:50:22 2015 by
# waf 1.8.5 (abi 98, python 20706f0 on linux2)
# using ./waf configure
#
----------------------------------------
Setting top to
/home/cypher-thor/nicks/audio-programming/Minaton
----------------------------------------
Setting out to
/home/cypher-thor/nicks/audio-programming/Minaton/build
----------------------------------------
Checking for 'gcc' (C compiler)
find program=['gcc', 'cc'] paths=['/usr/local/sbin', '/usr/local/bin', '/usr/sbin', '/usr/bin', '/sbin', '/bin', '/usr/games', '/usr/local/games'] var='CC' -> ['/usr/bin/gcc']
find program=['ar'] paths=['/usr/local/sbin', '/usr/local/bin', '/usr/sbin', '/usr/bin', '/sbin', '/bin', '/usr/games', '/usr/local/games'] var='AR' -> ['/usr/bin/ar']
/usr/bin/gcc
----------------------------------------
Checking for program 'pkg-config'
/usr/bin/pkg-config
find program=['pkg-config'] paths=['/usr/local/sbin', '/usr/local/bin', '/usr/sbin', '/usr/bin', '/sbin', '/bin', '/usr/games', '/usr/local/games'] var='PKGCONFIG' -> ['/usr/bin/pkg-config']
----------------------------------------
Checking for 'lv2' >= 1.4.1
['/usr/bin/pkg-config', '--atleast-version=1.4.1', 'lv2']
['/usr/bin/pkg-config', '--cflags', '--libs', 'lv2']
out:   

yes
